app/build/intermediates/manifest_merge_blame_file/release/manifest-merger-blame-release-report.txt
1<?xml version="1.0" encoding="utf-8"?>
2<manifest xmlns:android="http://schemas.android.com/apk/res/android"
3    package="com.albassami.logistics.com.albassami.logistics"
4    android:versionCode="35"
5    android:versionName="1.1.4v1.2" >
6
7    <uses-sdk
8        android:minSdkVersion="22"
8-->src\main\AndroidManifest.xml
9        android:targetSdkVersion="29" />
9-->src\main\AndroidManifest.xml
10    <!--
11         The ACCESS_COARSE/FINE_LOCATION permissions are not required to use
12         Google Maps Android API v2, but you must specify either coarse or fine
13         location permissions for the "MyLocation" functionality.
14    -->
15    <uses-permission android:name="android.permission.ACCESS_FINE_LOCATION" />
15-->src\main\AndroidManifest.xml:10:5-79
15-->src\main\AndroidManifest.xml:10:22-76
16    <!--
17         The ACCESS_COARSE/FINE_LOCATION permissions are not required to use
18         Google Maps Android API v2, but you must specify either coarse or fine
19         location permissions for the 'MyLocation' functionality.
20    -->
21    <uses-permission android:name="android.permission.CALL_PHONE" />
21-->src\main\AndroidManifest.xml:16:5-69
21-->src\main\AndroidManifest.xml:16:22-66
22    <uses-permission android:name="android.permission.CAMERA" />
22-->src\main\AndroidManifest.xml:17:5-65
22-->src\main\AndroidManifest.xml:17:22-62
23    <uses-permission android:name="android.permission.READ_PHONE_STATE" />
23-->src\main\AndroidManifest.xml:18:5-75
23-->src\main\AndroidManifest.xml:18:22-72
24    <uses-permission android:name="android.permission.GET_ACCOUNTS" />
24-->src\main\AndroidManifest.xml:19:5-71
24-->src\main\AndroidManifest.xml:19:22-68
25    <uses-permission android:name="android.permission.READ_CONTACTS" />
25-->src\main\AndroidManifest.xml:20:5-72
25-->src\main\AndroidManifest.xml:20:22-69
26    <uses-permission android:name="android.permission.INTERNET" />
26-->src\main\AndroidManifest.xml:21:5-67
26-->src\main\AndroidManifest.xml:21:22-64
27    <uses-permission android:name="android.permission.ACCESS_NETWORK_STATE" />
27-->src\main\AndroidManifest.xml:22:5-79
27-->src\main\AndroidManifest.xml:22:22-76
28    <uses-permission android:name="android.permission.WRITE_EXTERNAL_STORAGE" />
28-->src\main\AndroidManifest.xml:23:5-81
28-->src\main\AndroidManifest.xml:23:22-78
29    <uses-permission android:name="android.permission.ACCESS_WIFI_STATE" />
29-->src\main\AndroidManifest.xml:24:5-76
29-->src\main\AndroidManifest.xml:24:22-73
30    <uses-permission android:name="android.permission.ACCESS_COARSE_LOCATION" />
30-->src\main\AndroidManifest.xml:25:5-81
30-->src\main\AndroidManifest.xml:25:22-78
31    <uses-permission android:name="android.permission.CALL_PHONE" />
31-->src\main\AndroidManifest.xml:16:5-69
31-->src\main\AndroidManifest.xml:16:22-66
32    <uses-permission android:name="android.permission.VIBRATE" />
32-->src\main\AndroidManifest.xml:27:5-66
32-->src\main\AndroidManifest.xml:27:22-63
33    <uses-permission android:name="android.permission.GET_ACCOUNTS" />
33-->src\main\AndroidManifest.xml:19:5-71
33-->src\main\AndroidManifest.xml:19:22-68
34    <uses-permission android:name="android.permission.CAMERA" />
34-->src\main\AndroidManifest.xml:17:5-65
34-->src\main\AndroidManifest.xml:17:22-62
35    <uses-permission android:name="android.permission.RECEIVE_BOOT_COMPLETED" />
35-->src\main\AndroidManifest.xml:30:5-81
35-->src\main\AndroidManifest.xml:30:22-78
36    <uses-permission android:name="android.permission.USE_CREDENTIALS" />
36-->src\main\AndroidManifest.xml:31:5-74
36-->src\main\AndroidManifest.xml:31:22-71
37    <uses-permission android:name="com.google.android.providers.gsf.permission.READ_GSERVICES" />
37-->src\main\AndroidManifest.xml:32:5-98
37-->src\main\AndroidManifest.xml:32:22-95
38    <uses-permission android:name="com.google.android.c2dm.permission.RECEIVE" />
38-->src\main\AndroidManifest.xml:33:5-82
38-->src\main\AndroidManifest.xml:33:22-79
39    <uses-permission android:name="android.permission.READ_PHONE_STATE" />
39-->src\main\AndroidManifest.xml:18:5-75
39-->src\main\AndroidManifest.xml:18:22-72
40    <uses-permission android:name="android.permission.READ_CONTACTS" />
40-->src\main\AndroidManifest.xml:20:5-72
40-->src\main\AndroidManifest.xml:20:22-69
41
42    <permission
42-->src\main\AndroidManifest.xml:37:5-39:47
43        android:name="android.permission.CALL_PRIVILEGED"
43-->src\main\AndroidManifest.xml:38:9-58
44        android:protectionLevel="signature" />
44-->src\main\AndroidManifest.xml:39:9-44
45
46    <uses-feature
46-->src\main\AndroidManifest.xml:41:5-43:35
47        android:glEsVersion="0x00020000"
47-->src\main\AndroidManifest.xml:42:9-41
48        android:required="true" />
48-->src\main\AndroidManifest.xml:43:9-32
49
50    <supports-screens
50-->[:FORTSDKv1.8] AndroidManifest.xml:14:5-18:39
51        android:anyDensity="true"
51-->[:FORTSDKv1.8] AndroidManifest.xml:15:9-34
52        android:largeScreens="true"
52-->[:FORTSDKv1.8] AndroidManifest.xml:16:9-36
53        android:normalScreens="true"
53-->[:FORTSDKv1.8] AndroidManifest.xml:17:9-37
54        android:smallScreens="true" /> <!-- Optional permission for Analytics to run. -->
54-->[:FORTSDKv1.8] AndroidManifest.xml:18:9-36
55    <uses-permission android:name="android.permission.WAKE_LOCK" />
55-->[com.google.android.gms:play-services-analytics:17.0.0] AndroidManifest.xml:27:5-68
55-->[com.google.android.gms:play-services-analytics:17.0.0] AndroidManifest.xml:27:22-65
56    <uses-permission android:name="com.google.android.finsky.permission.BIND_GET_INSTALL_REFERRER_SERVICE" /> <!-- Don't require camera, as this requires a rear camera. This allows it to work on the Nexus 7 -->
56-->[com.google.firebase:firebase-analytics:16.0.5] AndroidManifest.xml:26:5-110
56-->[com.google.firebase:firebase-analytics:16.0.5] AndroidManifest.xml:26:22-107
57    <uses-feature
57-->[com.journeyapps:zxing-android-embedded:3.2.0] AndroidManifest.xml:24:5-26:36
58        android:name="android.hardware.camera"
58-->[com.journeyapps:zxing-android-embedded:3.2.0] AndroidManifest.xml:25:9-47
59        android:required="false" />
59-->[com.journeyapps:zxing-android-embedded:3.2.0] AndroidManifest.xml:26:9-33
60    <uses-feature
60-->[com.journeyapps:zxing-android-embedded:3.2.0] AndroidManifest.xml:27:5-29:36
61        android:name="android.hardware.camera.front"
61-->[com.journeyapps:zxing-android-embedded:3.2.0] AndroidManifest.xml:28:9-53
62        android:required="false" /> <!-- TODO replace above two with next line after Android 4.2 -->
62-->[com.journeyapps:zxing-android-embedded:3.2.0] AndroidManifest.xml:29:9-33
63    <!-- <uses-feature android:name="android.hardware.camera.any"/> -->
64    <uses-feature
64-->[com.journeyapps:zxing-android-embedded:3.2.0] AndroidManifest.xml:32:5-34:36
65        android:name="android.hardware.camera.autofocus"
65-->[com.journeyapps:zxing-android-embedded:3.2.0] AndroidManifest.xml:33:9-57
66        android:required="false" />
66-->[com.journeyapps:zxing-android-embedded:3.2.0] AndroidManifest.xml:34:9-33
67    <uses-feature
67-->[com.journeyapps:zxing-android-embedded:3.2.0] AndroidManifest.xml:35:5-37:36
68        android:name="android.hardware.camera.flash"
68-->[com.journeyapps:zxing-android-embedded:3.2.0] AndroidManifest.xml:36:9-53
69        android:required="false" />
69-->[com.journeyapps:zxing-android-embedded:3.2.0] AndroidManifest.xml:37:9-33
70    <uses-feature
70-->[com.journeyapps:zxing-android-embedded:3.2.0] AndroidManifest.xml:38:5-40:36
71        android:name="android.hardware.screen.landscape"
71-->[com.journeyapps:zxing-android-embedded:3.2.0] AndroidManifest.xml:39:9-57
72        android:required="false" />
72-->[com.journeyapps:zxing-android-embedded:3.2.0] AndroidManifest.xml:40:9-33
73    <uses-feature
73-->[com.journeyapps:zxing-android-embedded:3.2.0] AndroidManifest.xml:41:5-43:36
74        android:name="android.hardware.wifi"
74-->[com.journeyapps:zxing-android-embedded:3.2.0] AndroidManifest.xml:42:9-45
75        android:required="false" />
75-->[com.journeyapps:zxing-android-embedded:3.2.0] AndroidManifest.xml:43:9-33
76
77    <application
77-->src\main\AndroidManifest.xml:45:5-304:19
78        android:name="com.albassami.logistics.AppController"
78-->src\main\AndroidManifest.xml:46:9-38
79        android:allowBackup="true"
79-->src\main\AndroidManifest.xml:47:9-35
80        android:appComponentFactory="androidx"
80-->src\main\AndroidManifest.xml:48:9-47
81        android:autoLink="phone"
81-->src\main\AndroidManifest.xml:49:9-33
82        android:icon="@mipmap/ic_launcher"
82-->src\main\AndroidManifest.xml:50:9-43
83        android:label="@string/app_name"
83-->src\main\AndroidManifest.xml:51:9-41
84        android:largeHeap="true"
84-->src\main\AndroidManifest.xml:52:9-33
85        android:requestLegacyExternalStorage="true"
85-->src\main\AndroidManifest.xml:53:9-52
86        android:supportsRtl="true"
86-->src\main\AndroidManifest.xml:54:9-35
87        android:theme="@style/NoActionBarTheme"
87-->src\main\AndroidManifest.xml:55:9-48
88        android:usesCleartextTraffic="true" >
88-->src\main\AndroidManifest.xml:56:9-44
89        <activity android:name="com.albassami.logistics.ui.activity.towing_done" />
89-->src\main\AndroidManifest.xml:58:9-70
89-->src\main\AndroidManifest.xml:58:19-58
90        <!--
91             The API key for Google Maps-based APIs is defined as a string resource.
92             (See the file "res/values/google_maps_api.xml").
93             Note that the API key is linked to the encryption key used to sign the APK.
94             You need a different API key for each encryption key, including the release key that is used to
95             sign the APK for publishing.
96             You can define the keys for the debug and release targets in src/debug/ and src/release/.
97        -->
98        <meta-data
98-->src\main\AndroidManifest.xml:67:9-69:71
99            android:name="com.google.android.geo.API_KEY"
99-->src\main\AndroidManifest.xml:68:13-58
100            android:value="AIzaSyCxzGfmlKSw1NA5lQuLUUVSmc_ae3_5GVY" />
100-->src\main\AndroidManifest.xml:69:13-68
101
102        <activity
102-->src\main\AndroidManifest.xml:71:9-73:69
103            android:name="com.albassami.logistics.ui.activity.trackingtowing"
103-->src\main\AndroidManifest.xml:72:13-55
104            android:label="@string/title_activity_trackingtowing" />
104-->src\main\AndroidManifest.xml:73:13-66
105        <activity android:name="com.albassami.logistics.ui.activity.detailsform" />
105-->src\main\AndroidManifest.xml:74:9-61
105-->src\main\AndroidManifest.xml:74:19-58
106        <activity
106-->src\main\AndroidManifest.xml:75:9-77:69
107            android:name="com.albassami.logistics.ui.activity.select_from_to"
107-->src\main\AndroidManifest.xml:76:13-55
108            android:label="@string/title_activity_select_from_to" />
108-->src\main\AndroidManifest.xml:77:13-66
109        <activity android:name="com.albassami.logistics.ui.activity.agreementactivity" />
109-->src\main\AndroidManifest.xml:78:9-67
109-->src\main\AndroidManifest.xml:78:19-64
110        <activity android:name="com.albassami.logistics.ui.activity.tracking" />
110-->src\main\AndroidManifest.xml:79:9-58
110-->src\main\AndroidManifest.xml:79:19-55
111        <activity
111-->src\main\AndroidManifest.xml:80:9-82:63
112            android:name="com.albassami.logistics.ui.activity.branches"
112-->src\main\AndroidManifest.xml:81:13-49
113            android:label="@string/title_activity_branches" />
113-->src\main\AndroidManifest.xml:82:13-60
114        <activity android:name="com.albassami.logistics.ui.activity.contactus" />
114-->src\main\AndroidManifest.xml:83:9-59
114-->src\main\AndroidManifest.xml:83:19-56
115        <activity android:name="com.albassami.logistics.ui.activity.sign_up1" />
115-->src\main\AndroidManifest.xml:84:9-58
115-->src\main\AndroidManifest.xml:84:19-55
116        <activity android:name="com.albassami.logistics.ui.activity.NoInternetActivity" />
116-->src\main\AndroidManifest.xml:85:9-68
116-->src\main\AndroidManifest.xml:85:19-65
117        <activity android:name="com.albassami.logistics.ui.activity.ActivityWaitingRequestAccept" />
117-->src\main\AndroidManifest.xml:86:9-78
117-->src\main\AndroidManifest.xml:86:19-75
118        <activity android:name="com.albassami.logistics.ui.activity.FavProviderActivity" />
118-->src\main\AndroidManifest.xml:87:9-69
118-->src\main\AndroidManifest.xml:87:19-66
119        <activity android:name="com.albassami.logistics.ui.activity.TransactionListActivity" />
119-->src\main\AndroidManifest.xml:88:9-73
119-->src\main\AndroidManifest.xml:88:19-70
120        <activity android:name="com.albassami.logistics.ui.activity.RedeemActivity" />
120-->src\main\AndroidManifest.xml:89:9-64
120-->src\main\AndroidManifest.xml:89:19-61
121        <activity android:name="com.albassami.logistics.ui.activity.WalletAcivity" />
121-->src\main\AndroidManifest.xml:90:9-63
121-->src\main\AndroidManifest.xml:90:19-60
122        <activity android:name="com.albassami.logistics.ui.activity.BaseActivity" />
122-->src\main\AndroidManifest.xml:91:9-62
122-->src\main\AndroidManifest.xml:91:19-59
123        <activity android:name="com.albassami.logistics.ui.activity.SocialLoginActivity" />
123-->src\main\AndroidManifest.xml:92:9-69
123-->src\main\AndroidManifest.xml:92:19-66
124        <activity android:name="com.albassami.logistics.ui.activity.PaymentMethodActivity" />
124-->src\main\AndroidManifest.xml:93:9-71
124-->src\main\AndroidManifest.xml:93:19-68
125        <activity android:name="com.albassami.logistics.ui.activity.ActivityLoginSigupOption" />
125-->src\main\AndroidManifest.xml:94:9-74
125-->src\main\AndroidManifest.xml:94:19-71
126        <activity android:name="com.albassami.logistics.ui.activity.Terms_activity" />
126-->src\main\AndroidManifest.xml:95:9-64
126-->src\main\AndroidManifest.xml:95:19-61
127
128        <uses-library
128-->src\main\AndroidManifest.xml:97:9-99:40
129            android:name="org.apache.http.legacy"
129-->src\main\AndroidManifest.xml:98:13-50
130            android:required="false" />
130-->src\main\AndroidManifest.xml:99:13-37
131
132        <activity
132-->src\main\AndroidManifest.xml:101:9-109:20
133            android:name="com.albassami.logistics.ui.activity.SplashActivity"
133-->src\main\AndroidManifest.xml:102:13-55
134            android:screenOrientation="portrait" >
134-->src\main\AndroidManifest.xml:103:13-49
135            <intent-filter>
135-->src\main\AndroidManifest.xml:104:13-108:29
136                <action android:name="android.intent.action.MAIN" />
136-->src\main\AndroidManifest.xml:105:17-69
136-->src\main\AndroidManifest.xml:105:25-66
137
138                <category android:name="android.intent.category.LAUNCHER" />
138-->src\main\AndroidManifest.xml:107:17-77
138-->src\main\AndroidManifest.xml:107:27-74
139            </intent-filter>
140        </activity>
141
142        <meta-data
142-->src\main\AndroidManifest.xml:111:9-113:55
143            android:name="com.facebook.sdk.ApplicationId"
143-->src\main\AndroidManifest.xml:112:13-58
144            android:value="@string/facebook_api_id" />
144-->src\main\AndroidManifest.xml:113:13-52
145
146        <activity
146-->src\main\AndroidManifest.xml:115:9-119:63
147            android:name="com.albassami.logistics.ui.activity.MainActivity"
147-->src\main\AndroidManifest.xml:116:13-53
148            android:screenOrientation="portrait"
148-->src\main\AndroidManifest.xml:117:13-49
149            android:theme="@style/NoActionBarTheme"
149-->src\main\AndroidManifest.xml:118:13-52
150            android:windowSoftInputMode="stateAlwaysHidden" />
150-->src\main\AndroidManifest.xml:119:13-60
151        <activity
151-->src\main\AndroidManifest.xml:120:9-124:63
152            android:name="com.albassami.logistics.ui.activity.onBordingScreen"
152-->src\main\AndroidManifest.xml:121:13-56
153            android:screenOrientation="portrait"
153-->src\main\AndroidManifest.xml:122:13-49
154            android:theme="@style/NoActionBarTheme"
154-->src\main\AndroidManifest.xml:123:13-52
155            android:windowSoftInputMode="stateAlwaysHidden" />
155-->src\main\AndroidManifest.xml:124:13-60
156        <activity
156-->src\main\AndroidManifest.xml:125:9-129:63
157            android:name="com.albassami.logistics.ui.activity.AddVehiclesActivity"
157-->src\main\AndroidManifest.xml:126:13-60
158            android:screenOrientation="portrait"
158-->src\main\AndroidManifest.xml:127:13-49
159            android:theme="@style/NoActionBarTheme"
159-->src\main\AndroidManifest.xml:128:13-52
160            android:windowSoftInputMode="stateAlwaysHidden" />
160-->src\main\AndroidManifest.xml:129:13-60
161        <activity
161-->src\main\AndroidManifest.xml:130:9-134:67
162            android:name="com.albassami.logistics.ui.activity.ChangePasswordActivity"
162-->src\main\AndroidManifest.xml:131:13-63
163            android:screenOrientation="portrait"
163-->src\main\AndroidManifest.xml:132:13-49
164            android:theme="@style/NoActionBarTheme"
164-->src\main\AndroidManifest.xml:133:13-52
165            android:windowSoftInputMode="stateHidden|adjustPan" />
165-->src\main\AndroidManifest.xml:134:13-64
166        <activity
166-->src\main\AndroidManifest.xml:135:9-139:57
167            android:name="com.albassami.logistics.ui.activity.GetStartedActivity"
167-->src\main\AndroidManifest.xml:136:13-59
168            android:screenOrientation="portrait"
168-->src\main\AndroidManifest.xml:137:13-49
169            android:theme="@style/NoActionBarTheme"
169-->src\main\AndroidManifest.xml:138:13-52
170            android:windowSoftInputMode="stateHidden" />
170-->src\main\AndroidManifest.xml:139:13-54
171        <activity
171-->src\main\AndroidManifest.xml:140:9-144:57
172            android:name="com.albassami.logistics.ui.activity.SignInActivity"
172-->src\main\AndroidManifest.xml:141:13-55
173            android:screenOrientation="portrait"
173-->src\main\AndroidManifest.xml:142:13-49
174            android:theme="@style/NoActionBarTheme"
174-->src\main\AndroidManifest.xml:143:13-52
175            android:windowSoftInputMode="stateHidden" />
175-->src\main\AndroidManifest.xml:144:13-54
176        <activity
176-->src\main\AndroidManifest.xml:145:9-149:57
177            android:name="com.albassami.logistics.ui.activity.ChatActivity"
177-->src\main\AndroidManifest.xml:146:13-53
178            android:screenOrientation="portrait"
178-->src\main\AndroidManifest.xml:147:13-49
179            android:theme="@style/NoActionBarTheme"
179-->src\main\AndroidManifest.xml:148:13-52
180            android:windowSoftInputMode="stateHidden" />
180-->src\main\AndroidManifest.xml:149:13-54
181        <activity
181-->src\main\AndroidManifest.xml:150:9-154:57
182            android:name="com.albassami.logistics.ui.activity.SelectLocationActivity1"
182-->src\main\AndroidManifest.xml:151:13-64
183            android:screenOrientation="portrait"
183-->src\main\AndroidManifest.xml:152:13-49
184            android:theme="@style/NoActionBarTheme"
184-->src\main\AndroidManifest.xml:153:13-52
185            android:windowSoftInputMode="stateHidden" />
185-->src\main\AndroidManifest.xml:154:13-54
186        <activity
186-->src\main\AndroidManifest.xml:155:9-159:57
187            android:name="com.albassami.logistics.ui.activity.ThankYouActivity"
187-->src\main\AndroidManifest.xml:156:13-57
188            android:screenOrientation="portrait"
188-->src\main\AndroidManifest.xml:157:13-49
189            android:theme="@style/NoActionBarTheme"
189-->src\main\AndroidManifest.xml:158:13-52
190            android:windowSoftInputMode="stateHidden" />
190-->src\main\AndroidManifest.xml:159:13-54
191        <activity
191-->src\main\AndroidManifest.xml:160:9-164:57
192            android:name="com.albassami.logistics.ui.activity.ProfileActivity"
192-->src\main\AndroidManifest.xml:161:13-56
193            android:screenOrientation="portrait"
193-->src\main\AndroidManifest.xml:162:13-49
194            android:theme="@style/NoActionBarTheme"
194-->src\main\AndroidManifest.xml:163:13-52
195            android:windowSoftInputMode="stateHidden" />
195-->src\main\AndroidManifest.xml:164:13-54
196        <activity
196-->src\main\AndroidManifest.xml:165:9-169:57
197            android:name="com.albassami.logistics.ui.activity.HistoryActivity"
197-->src\main\AndroidManifest.xml:166:13-56
198            android:screenOrientation="portrait"
198-->src\main\AndroidManifest.xml:167:13-49
199            android:theme="@style/NoActionBarTheme"
199-->src\main\AndroidManifest.xml:168:13-52
200            android:windowSoftInputMode="stateHidden" />
200-->src\main\AndroidManifest.xml:169:13-54
201        <activity
201-->src\main\AndroidManifest.xml:170:9-174:57
202            android:name="com.albassami.logistics.ui.activity.AskBotActivity"
202-->src\main\AndroidManifest.xml:171:13-55
203            android:screenOrientation="portrait"
203-->src\main\AndroidManifest.xml:172:13-49
204            android:theme="@style/NoActionBarTheme"
204-->src\main\AndroidManifest.xml:173:13-52
205            android:windowSoftInputMode="stateHidden" />
205-->src\main\AndroidManifest.xml:174:13-54
206        <activity
206-->src\main\AndroidManifest.xml:175:9-179:57
207            android:name="com.albassami.logistics.ui.activity.HelpwebActivity"
207-->src\main\AndroidManifest.xml:176:13-56
208            android:screenOrientation="portrait"
208-->src\main\AndroidManifest.xml:177:13-49
209            android:theme="@style/NoActionBarTheme"
209-->src\main\AndroidManifest.xml:178:13-52
210            android:windowSoftInputMode="stateHidden" />
210-->src\main\AndroidManifest.xml:179:13-54
211        <activity
211-->src\main\AndroidManifest.xml:180:9-184:57
212            android:name="com.albassami.logistics.ui.activity.LaterRequestsActivity"
212-->src\main\AndroidManifest.xml:181:13-62
213            android:screenOrientation="portrait"
213-->src\main\AndroidManifest.xml:182:13-49
214            android:theme="@style/NoActionBarTheme"
214-->src\main\AndroidManifest.xml:183:13-52
215            android:windowSoftInputMode="stateHidden" />
215-->src\main\AndroidManifest.xml:184:13-54
216        <activity
216-->src\main\AndroidManifest.xml:185:9-189:57
217            android:name="com.albassami.logistics.ui.activity.NikolaWalletActivity"
217-->src\main\AndroidManifest.xml:186:13-61
218            android:screenOrientation="portrait"
218-->src\main\AndroidManifest.xml:187:13-49
219            android:theme="@style/NoActionBarTheme"
219-->src\main\AndroidManifest.xml:188:13-52
220            android:windowSoftInputMode="stateHidden" />
220-->src\main\AndroidManifest.xml:189:13-54
221        <activity
221-->src\main\AndroidManifest.xml:190:9-194:57
222            android:name="com.albassami.logistics.ui.activity.PayGateWeb"
222-->src\main\AndroidManifest.xml:191:13-51
223            android:screenOrientation="portrait"
223-->src\main\AndroidManifest.xml:192:13-49
224            android:theme="@style/NoActionBarTheme"
224-->src\main\AndroidManifest.xml:193:13-52
225            android:windowSoftInputMode="stateHidden" />
225-->src\main\AndroidManifest.xml:194:13-54
226        <activity
226-->src\main\AndroidManifest.xml:195:9-199:57
227            android:name="com.albassami.logistics.ui.activity.PaymentsActivity"
227-->src\main\AndroidManifest.xml:196:13-57
228            android:screenOrientation="portrait"
228-->src\main\AndroidManifest.xml:197:13-49
229            android:theme="@style/NoActionBarTheme"
229-->src\main\AndroidManifest.xml:198:13-52
230            android:windowSoftInputMode="stateHidden" />
230-->src\main\AndroidManifest.xml:199:13-54
231        <activity
231-->src\main\AndroidManifest.xml:200:9-204:57
232            android:name="com.albassami.logistics.ui.activity.OtpActivity"
232-->src\main\AndroidManifest.xml:201:13-52
233            android:screenOrientation="portrait"
233-->src\main\AndroidManifest.xml:202:13-49
234            android:theme="@style/NoActionBarTheme"
234-->src\main\AndroidManifest.xml:203:13-52
235            android:windowSoftInputMode="stateHidden" />
235-->src\main\AndroidManifest.xml:204:13-54
236        <activity
236-->src\main\AndroidManifest.xml:205:9-209:57
237            android:name="com.albassami.logistics.ui.activity.SignUpNextActivity"
237-->src\main\AndroidManifest.xml:206:13-59
238            android:screenOrientation="portrait"
238-->src\main\AndroidManifest.xml:207:13-49
239            android:theme="@style/NoActionBarTheme"
239-->src\main\AndroidManifest.xml:208:13-52
240            android:windowSoftInputMode="stateHidden" />
240-->src\main\AndroidManifest.xml:209:13-54
241        <activity
241-->src\main\AndroidManifest.xml:210:9-214:57
242            android:name="com.albassami.logistics.ui.Fragment.SignupFragment"
242-->src\main\AndroidManifest.xml:211:13-55
243            android:screenOrientation="portrait"
243-->src\main\AndroidManifest.xml:212:13-49
244            android:theme="@style/NoActionBarTheme"
244-->src\main\AndroidManifest.xml:213:13-52
245            android:windowSoftInputMode="stateHidden" />
245-->src\main\AndroidManifest.xml:214:13-54
246        <activity
246-->src\main\AndroidManifest.xml:215:9-219:57
247            android:name="com.albassami.logistics.ui.activity.OrderSummaryActivity1"
247-->src\main\AndroidManifest.xml:216:13-62
248            android:screenOrientation="portrait"
248-->src\main\AndroidManifest.xml:217:13-49
249            android:theme="@style/NoActionBarTheme"
249-->src\main\AndroidManifest.xml:218:13-52
250            android:windowSoftInputMode="stateHidden" />
250-->src\main\AndroidManifest.xml:219:13-54
251        <activity
251-->src\main\AndroidManifest.xml:220:9-225:45
252            android:name="com.albassami.logistics.ui.Fragment.ForgotpassFragment"
252-->src\main\AndroidManifest.xml:221:13-59
253            android:screenOrientation="portrait"
253-->src\main\AndroidManifest.xml:222:13-49
254            android:theme="@style/NoActionBarTheme"
254-->src\main\AndroidManifest.xml:223:13-52
255            android:windowSoftInputMode="stateHidden" />
255-->src\main\AndroidManifest.xml:224:13-54
256        <activity
256-->src\main\AndroidManifest.xml:226:9-231:45
257            android:name="com.facebook.FacebookActivity"
257-->src\main\AndroidManifest.xml:227:13-57
258            android:configChanges="keyboard|keyboardHidden|screenLayout|screenSize|orientation"
258-->src\main\AndroidManifest.xml:228:13-96
259            android:label="@string/app_name"
259-->src\main\AndroidManifest.xml:229:13-45
260            android:theme="@android:style/Theme.Translucent.NoTitleBar" />
260-->src\main\AndroidManifest.xml:230:13-72
261        <activity android:name="com.soundcloud.android.crop.CropImageActivity" />
261-->src\main\AndroidManifest.xml:232:9-82
261-->src\main\AndroidManifest.xml:232:19-79
262        <activity
262-->src\main\AndroidManifest.xml:233:9-244:20
263            android:name="com.braintreepayments.api.BraintreeBrowserSwitchActivity"
263-->src\main\AndroidManifest.xml:234:13-84
264            android:launchMode="singleTask" >
264-->src\main\AndroidManifest.xml:235:13-44
265            <intent-filter>
265-->src\main\AndroidManifest.xml:236:13-243:29
266                <action android:name="android.intent.action.VIEW" />
266-->src\main\AndroidManifest.xml:237:17-69
266-->src\main\AndroidManifest.xml:237:25-66
267
268                <category android:name="android.intent.category.DEFAULT" />
268-->src\main\AndroidManifest.xml:239:17-76
268-->src\main\AndroidManifest.xml:239:27-73
269                <category android:name="android.intent.category.BROWSABLE" />
269-->src\main\AndroidManifest.xml:240:17-78
269-->src\main\AndroidManifest.xml:240:27-75
270
271                <data android:scheme="com.albassami.logistics.com.albassami.logistics.braintree" />
271-->src\main\AndroidManifest.xml:242:23-66
272            </intent-filter>
273        </activity>
274
275        <service
275-->src\main\AndroidManifest.xml:246:9-248:40
276            android:name="com.paypal.android.sdk.payments.PayPalService"
276-->src\main\AndroidManifest.xml:247:13-73
277            android:exported="false" /> <!-- Required to use PayPal -->
277-->src\main\AndroidManifest.xml:248:13-37
278        <activity android:name="com.paypal.android.sdk.payments.PayPalProfileSharingActivity" />
278-->src\main\AndroidManifest.xml:249:9-97
278-->src\main\AndroidManifest.xml:249:19-94
279        <activity android:name="com.paypal.android.sdk.payments.ProfileSharingConsentActivity" />
279-->src\main\AndroidManifest.xml:250:9-98
279-->src\main\AndroidManifest.xml:250:19-95
280        <activity android:name="com.paypal.android.sdk.payments.FuturePaymentInfoActivity" />
280-->src\main\AndroidManifest.xml:251:9-94
280-->src\main\AndroidManifest.xml:251:19-91
281        <activity
281-->src\main\AndroidManifest.xml:252:9-254:52
282            android:name="com.paypal.android.sdk.payments.LoginActivity"
282-->src\main\AndroidManifest.xml:253:13-73
283            android:screenOrientation="portrait" />
283-->src\main\AndroidManifest.xml:254:13-49
284        <activity
284-->src\main\AndroidManifest.xml:255:9-257:52
285            android:name="com.albassami.logistics.ui.activity.OrderSummaryActivity"
285-->src\main\AndroidManifest.xml:256:13-61
286            android:screenOrientation="portrait" />
286-->src\main\AndroidManifest.xml:257:13-49
287        <activity
287-->src\main\AndroidManifest.xml:258:9-260:52
288            android:name="com.albassami.logistics.ui.activity.RideLaterActivity"
288-->src\main\AndroidManifest.xml:259:13-58
289            android:screenOrientation="portrait" />
289-->src\main\AndroidManifest.xml:260:13-49
290        <activity
290-->src\main\AndroidManifest.xml:261:9-263:52
291            android:name="com.albassami.logistics.ui.activity.ScheduleActivity"